<?xml version="1.0" encoding="UTF-8"?>
<testng-results ignored="0" total="1" passed="1" failed="0" skipped="0">
  <reporter-output>
  </reporter-output>
  <suite started-at="2021-06-08T18:11:08 IST" name="Default suite" finished-at="2021-06-08T18:11:11 IST" duration-ms="3256">
    <groups>
    </groups>
    <test started-at="2021-06-08T18:11:08 IST" name="Default test" finished-at="2021-06-08T18:11:11 IST" duration-ms="3256">
      <class name="DynamicJSON">
        <test-method signature="payLoadFromFile()[pri:0, instance:DynamicJSON@503d687a]" started-at="2021-06-08T18:11:08 IST" name="payLoadFromFile" finished-at="2021-06-08T18:11:11 IST" duration-ms="3209" status="PASS">
          <reporter-output>
          </reporter-output>
        </test-method> <!-- payLoadFromFile -->
      </class> <!-- DynamicJSON -->
    </test> <!-- Default test -->
  </suite> <!-- Default suite -->
</testng-results>
